# JRE version: Java(TM) SE Runtime Environment (21.0.7+8) (build 21.0.7+8-LTS-245)
# Java VM: Java HotSpot(TM) 64-Bit Server VM (21.0.7+8-LTS-245, mixed mode, sharing, tiered, compressed oops, compressed class ptrs, g1 gc, windows-amd64)
GC Precious Log:
 CardTable entry size: 512
 Card Set container configuration: InlinePtr #cards 5 size 8 Array Of Cards #cards 12 size 40 Howl #buckets 4 coarsen threshold 1843 Howl Bitmap #cards 512 size 80 coarsen threshold 460 Card regions per heap region 1 cards per card region 2048
 CPUs: 8 total, 8 available
 Memory: 7963M
 Large Page Support: Disabled
 NUMA Support: Disabled
 Compressed Oops: Enabled (32-bit)
 Heap Region Size: 1M
 Heap Min Capacity: 8M
 Heap Initial Capacity: 126M
 Heap Max Capacity: 1992M
 Pre-touch: Disabled
 Parallel Workers: 8
 Concurrent Workers: 2
 Concurrent Refinement Workers: 8
 Periodic GC: Disabled
Heap:
 garbage-first heap   total 93184K, used 68244K [0x0000000083800000, 0x0000000100000000)
  region size 1024K, 16 young (16384K), 1 survivors (1024K)
 Metaspace       used 40524K, committed 41088K, reserved 1114112K
  class space    used 5503K, committed 5760K, reserved 1048576K
GC Heap History (20 events):
Event: 0.978 GC heap before
{Heap before GC invocations=0 (full 0):
 garbage-first heap   total 129024K, used 22528K [0x0000000083800000, 0x0000000100000000)
  region size 1024K, 23 young (23552K), 0 survivors (0K)
 Metaspace       used 9351K, committed 9600K, reserved 1114112K
  class space    used 1008K, committed 1152K, reserved 1048576K
}
Event: 0.982 GC heap after
{Heap after GC invocations=1 (full 0):
 garbage-first heap   total 129024K, used 4527K [0x0000000083800000, 0x0000000100000000)
  region size 1024K, 3 young (3072K), 3 survivors (3072K)
 Metaspace       used 9351K, committed 9600K, reserved 1114112K
  class space    used 1008K, committed 1152K, reserved 1048576K
}
Event: 1.937 GC heap before
{Heap before GC invocations=1 (full 0):
 garbage-first heap   total 129024K, used 35247K [0x0000000083800000, 0x0000000100000000)
  region size 1024K, 34 young (34816K), 3 survivors (3072K)
 Metaspace       used 19551K, committed 19840K, reserved 1114112K
  class space    used 2215K, committed 2368K, reserved 1048576K
}
Event: 1.945 GC heap after
{Heap after GC invocations=2 (full 0):
 garbage-first heap   total 129024K, used 9006K [0x0000000083800000, 0x0000000100000000)
  region size 1024K, 5 young (5120K), 5 survivors (5120K)
 Metaspace       used 19551K, committed 19840K, reserved 1114112K
  class space    used 2215K, committed 2368K, reserved 1048576K
}
Event: 2.073 GC heap before
{Heap before GC invocations=2 (full 0):
 garbage-first heap   total 129024K, used 14126K [0x0000000083800000, 0x0000000100000000)
  region size 1024K, 11 young (11264K), 5 survivors (5120K)
 Metaspace       used 21187K, committed 21504K, reserved 1114112K
  class space    used 2404K, committed 2560K, reserved 1048576K
}
Event: 2.077 GC heap after
{Heap after GC invocations=3 (full 0):
 garbage-first heap   total 129024K, used 9241K [0x0000000083800000, 0x0000000100000000)
  region size 1024K, 5 young (5120K), 5 survivors (5120K)
 Metaspace       used 21187K, committed 21504K, reserved 1114112K
  class space    used 2404K, committed 2560K, reserved 1048576K
}
Event: 3.056 GC heap before
{Heap before GC invocations=4 (full 0):
 garbage-first heap   total 38912K, used 36889K [0x0000000083800000, 0x0000000100000000)
  region size 1024K, 32 young (32768K), 5 survivors (5120K)
 Metaspace       used 29533K, committed 29952K, reserved 1114112K
  class space    used 3680K, committed 3840K, reserved 1048576K
}
Event: 3.061 GC heap after
{Heap after GC invocations=5 (full 0):
 garbage-first heap   total 48128K, used 14590K [0x0000000083800000, 0x0000000100000000)
  region size 1024K, 9 young (9216K), 9 survivors (9216K)
 Metaspace       used 29533K, committed 29952K, reserved 1114112K
  class space    used 3680K, committed 3840K, reserved 1048576K
}
Event: 3.833 GC heap before
{Heap before GC invocations=5 (full 0):
 garbage-first heap   total 48128K, used 33022K [0x0000000083800000, 0x0000000100000000)
  region size 1024K, 28 young (28672K), 9 survivors (9216K)
 Metaspace       used 34654K, committed 35136K, reserved 1114112K
  class space    used 4773K, committed 4992K, reserved 1048576K
}
Event: 3.838 GC heap after
{Heap after GC invocations=6 (full 0):
 garbage-first heap   total 48128K, used 16984K [0x0000000083800000, 0x0000000100000000)
  region size 1024K, 4 young (4096K), 4 survivors (4096K)
 Metaspace       used 34654K, committed 35136K, reserved 1114112K
  class space    used 4773K, committed 4992K, reserved 1048576K
}
Event: 4.181 GC heap before
{Heap before GC invocations=6 (full 0):
 garbage-first heap   total 48128K, used 25176K [0x0000000083800000, 0x0000000100000000)
  region size 1024K, 10 young (10240K), 4 survivors (4096K)
 Metaspace       used 35842K, committed 36288K, reserved 1114112K
  class space    used 4931K, committed 5120K, reserved 1048576K
}
Event: 4.184 GC heap after
{Heap after GC invocations=7 (full 0):
 garbage-first heap   total 48128K, used 20039K [0x0000000083800000, 0x0000000100000000)
  region size 1024K, 2 young (2048K), 2 survivors (2048K)
 Metaspace       used 35842K, committed 36288K, reserved 1114112K
  class space    used 4931K, committed 5120K, reserved 1048576K
}
Event: 6.097 GC heap before
{Heap before GC invocations=8 (full 0):
 garbage-first heap   total 50176K, used 48711K [0x0000000083800000, 0x0000000100000000)
  region size 1024K, 9 young (9216K), 2 survivors (2048K)
 Metaspace       used 36884K, committed 37376K, reserved 1114112K
  class space    used 5095K, committed 5312K, reserved 1048576K
}
Event: 6.099 GC heap after
{Heap after GC invocations=9 (full 0):
 garbage-first heap   total 53248K, used 42757K [0x0000000083800000, 0x0000000100000000)
  region size 1024K, 3 young (3072K), 3 survivors (3072K)
 Metaspace       used 36884K, committed 37376K, reserved 1114112K
  class space    used 5095K, committed 5312K, reserved 1048576K
}
Event: 6.139 GC heap before
{Heap before GC invocations=9 (full 0):
 garbage-first heap   total 53248K, used 44805K [0x0000000083800000, 0x0000000100000000)
  region size 1024K, 5 young (5120K), 3 survivors (3072K)
 Metaspace       used 37562K, committed 38080K, reserved 1114112K
  class space    used 5156K, committed 5376K, reserved 1048576K
}
Event: 6.142 GC heap after
{Heap after GC invocations=10 (full 0):
 garbage-first heap   total 53248K, used 42147K [0x0000000083800000, 0x0000000100000000)
  region size 1024K, 1 young (1024K), 1 survivors (1024K)
 Metaspace       used 37562K, committed 38080K, reserved 1114112K
  class space    used 5156K, committed 5376K, reserved 1048576K
}
Event: 6.286 GC heap before
{Heap before GC invocations=10 (full 0):
 garbage-first heap   total 53248K, used 46243K [0x0000000083800000, 0x0000000100000000)
  region size 1024K, 6 young (6144K), 1 survivors (1024K)
 Metaspace       used 38534K, committed 39040K, reserved 1114112K
  class space    used 5315K, committed 5504K, reserved 1048576K
}
Event: 6.288 GC heap after
{Heap after GC invocations=11 (full 0):
 garbage-first heap   total 53248K, used 43682K [0x0000000083800000, 0x0000000100000000)
  region size 1024K, 1 young (1024K), 1 survivors (1024K)
 Metaspace       used 38534K, committed 39040K, reserved 1114112K
  class space    used 5315K, committed 5504K, reserved 1048576K
}
Event: 6.448 GC heap before
{Heap before GC invocations=12 (full 0):
 garbage-first heap   total 75776K, used 48802K [0x0000000083800000, 0x0000000100000000)
  region size 1024K, 5 young (5120K), 1 survivors (1024K)
 Metaspace       used 39088K, committed 39616K, reserved 1114112K
  class space    used 5395K, committed 5632K, reserved 1048576K
}
Event: 6.451 GC heap after
{Heap after GC invocations=13 (full 0):
 garbage-first heap   total 93184K, used 46740K [0x0000000083800000, 0x0000000100000000)
  region size 1024K, 1 young (1024K), 1 survivors (1024K)
 Metaspace       used 39088K, committed 39616K, reserved 1114112K
  class space    used 5395K, committed 5632K, reserved 1048576K
}

