# JRE version: Java(TM) SE Runtime Environment (21.0.7+8) (build 21.0.7+8-LTS-245)
# Java VM: Java HotSpot(TM) 64-Bit Server VM (21.0.7+8-LTS-245, mixed mode, sharing, tiered, compressed oops, compressed class ptrs, g1 gc, windows-amd64)
GC Precious Log:
 CardTable entry size: 512
 Card Set container configuration: InlinePtr #cards 5 size 8 Array Of Cards #cards 12 size 40 Howl #buckets 4 coarsen threshold 1843 Howl Bitmap #cards 512 size 80 coarsen threshold 460 Card regions per heap region 1 cards per card region 2048
 CPUs: 8 total, 8 available
 Memory: 7963M
 Large Page Support: Disabled
 NUMA Support: Disabled
 Compressed Oops: Enabled (32-bit)
 Heap Region Size: 1M
 Heap Min Capacity: 8M
 Heap Initial Capacity: 126M
 Heap Max Capacity: 1992M
 Pre-touch: Disabled
 Parallel Workers: 8
 Concurrent Workers: 2
 Concurrent Refinement Workers: 8
 Periodic GC: Disabled
Heap:
 garbage-first heap   total 101376K, used 54784K [0x0000000083800000, 0x0000000100000000)
  region size 1024K, 7 young (7168K), 3 survivors (3072K)
 Metaspace       used 40752K, committed 41216K, reserved 1114112K
  class space    used 5498K, committed 5696K, reserved 1048576K
GC Heap History (20 events):
Event: 3.068 GC heap before
{Heap before GC invocations=1 (full 0):
 garbage-first heap   total 129024K, used 35455K [0x0000000083800000, 0x0000000100000000)
  region size 1024K, 34 young (34816K), 3 survivors (3072K)
 Metaspace       used 19576K, committed 19904K, reserved 1114112K
  class space    used 2211K, committed 2368K, reserved 1048576K
}
Event: 3.075 GC heap after
{Heap after GC invocations=2 (full 0):
 garbage-first heap   total 129024K, used 9054K [0x0000000083800000, 0x0000000100000000)
  region size 1024K, 4 young (4096K), 4 survivors (4096K)
 Metaspace       used 19576K, committed 19904K, reserved 1114112K
  class space    used 2211K, committed 2368K, reserved 1048576K
}
Event: 3.183 GC heap before
{Heap before GC invocations=2 (full 0):
 garbage-first heap   total 129024K, used 13150K [0x0000000083800000, 0x0000000100000000)
  region size 1024K, 9 young (9216K), 4 survivors (4096K)
 Metaspace       used 21163K, committed 21504K, reserved 1114112K
  class space    used 2389K, committed 2560K, reserved 1048576K
}
Event: 3.192 GC heap after
{Heap after GC invocations=3 (full 0):
 garbage-first heap   total 129024K, used 9920K [0x0000000083800000, 0x0000000100000000)
  region size 1024K, 5 young (5120K), 5 survivors (5120K)
 Metaspace       used 21163K, committed 21504K, reserved 1114112K
  class space    used 2389K, committed 2560K, reserved 1048576K
}
Event: 4.152 GC heap before
{Heap before GC invocations=4 (full 0):
 garbage-first heap   total 38912K, used 37568K [0x0000000083800000, 0x0000000100000000)
  region size 1024K, 32 young (32768K), 5 survivors (5120K)
 Metaspace       used 29542K, committed 29952K, reserved 1114112K
  class space    used 3681K, committed 3840K, reserved 1048576K
}
Event: 4.158 GC heap after
{Heap after GC invocations=5 (full 0):
 garbage-first heap   total 48128K, used 14829K [0x0000000083800000, 0x0000000100000000)
  region size 1024K, 9 young (9216K), 9 survivors (9216K)
 Metaspace       used 29542K, committed 29952K, reserved 1114112K
  class space    used 3681K, committed 3840K, reserved 1048576K
}
Event: 4.802 GC heap before
{Heap before GC invocations=5 (full 0):
 garbage-first heap   total 48128K, used 33261K [0x0000000083800000, 0x0000000100000000)
  region size 1024K, 28 young (28672K), 9 survivors (9216K)
 Metaspace       used 34642K, committed 35072K, reserved 1114112K
  class space    used 4767K, committed 4992K, reserved 1048576K
}
Event: 4.808 GC heap after
{Heap after GC invocations=6 (full 0):
 garbage-first heap   total 48128K, used 16838K [0x0000000083800000, 0x0000000100000000)
  region size 1024K, 4 young (4096K), 4 survivors (4096K)
 Metaspace       used 34642K, committed 35072K, reserved 1114112K
  class space    used 4767K, committed 4992K, reserved 1048576K
}
Event: 5.088 GC heap before
{Heap before GC invocations=6 (full 0):
 garbage-first heap   total 48128K, used 19910K [0x0000000083800000, 0x0000000100000000)
  region size 1024K, 8 young (8192K), 4 survivors (4096K)
 Metaspace       used 35538K, committed 35968K, reserved 1114112K
  class space    used 4897K, committed 5120K, reserved 1048576K
}
Event: 5.090 GC heap after
{Heap after GC invocations=7 (full 0):
 garbage-first heap   total 48128K, used 17470K [0x0000000083800000, 0x0000000100000000)
  region size 1024K, 1 young (1024K), 1 survivors (1024K)
 Metaspace       used 35538K, committed 35968K, reserved 1114112K
  class space    used 4897K, committed 5120K, reserved 1048576K
}
Event: 10.911 GC heap before
{Heap before GC invocations=8 (full 0):
 garbage-first heap   total 48128K, used 47166K [0x0000000083800000, 0x0000000100000000)
  region size 1024K, 7 young (7168K), 1 survivors (1024K)
 Metaspace       used 36659K, committed 37120K, reserved 1114112K
  class space    used 5047K, committed 5248K, reserved 1048576K
}
Event: 10.914 GC heap after
{Heap after GC invocations=9 (full 0):
 garbage-first heap   total 50176K, used 41696K [0x0000000083800000, 0x0000000100000000)
  region size 1024K, 2 young (2048K), 2 survivors (2048K)
 Metaspace       used 36659K, committed 37120K, reserved 1114112K
  class space    used 5047K, committed 5248K, reserved 1048576K
}
Event: 11.071 GC heap before
{Heap before GC invocations=9 (full 0):
 garbage-first heap   total 50176K, used 43744K [0x0000000083800000, 0x0000000100000000)
  region size 1024K, 4 young (4096K), 2 survivors (2048K)
 Metaspace       used 36925K, committed 37376K, reserved 1114112K
  class space    used 5081K, committed 5312K, reserved 1048576K
}
Event: 11.073 GC heap after
{Heap after GC invocations=10 (full 0):
 garbage-first heap   total 50176K, used 42107K [0x0000000083800000, 0x0000000100000000)
  region size 1024K, 1 young (1024K), 1 survivors (1024K)
 Metaspace       used 36925K, committed 37376K, reserved 1114112K
  class space    used 5081K, committed 5312K, reserved 1048576K
}
Event: 11.159 GC heap before
{Heap before GC invocations=10 (full 0):
 garbage-first heap   total 50176K, used 44155K [0x0000000083800000, 0x0000000100000000)
  region size 1024K, 4 young (4096K), 1 survivors (1024K)
 Metaspace       used 37962K, committed 38400K, reserved 1114112K
  class space    used 5187K, committed 5376K, reserved 1048576K
}
Event: 11.162 GC heap after
{Heap after GC invocations=11 (full 0):
 garbage-first heap   total 50176K, used 42304K [0x0000000083800000, 0x0000000100000000)
  region size 1024K, 1 young (1024K), 1 survivors (1024K)
 Metaspace       used 37962K, committed 38400K, reserved 1114112K
  class space    used 5187K, committed 5376K, reserved 1048576K
}
Event: 11.244 GC heap before
{Heap before GC invocations=12 (full 0):
 garbage-first heap   total 73728K, used 44352K [0x0000000083800000, 0x0000000100000000)
  region size 1024K, 4 young (4096K), 1 survivors (1024K)
 Metaspace       used 38457K, committed 38848K, reserved 1114112K
  class space    used 5265K, committed 5440K, reserved 1048576K
}
Event: 11.246 GC heap after
{Heap after GC invocations=13 (full 0):
 garbage-first heap   total 73728K, used 43544K [0x0000000083800000, 0x0000000100000000)
  region size 1024K, 1 young (1024K), 1 survivors (1024K)
 Metaspace       used 38457K, committed 38848K, reserved 1114112K
  class space    used 5265K, committed 5440K, reserved 1048576K
}
Event: 25.628 GC heap before
{Heap before GC invocations=13 (full 0):
 garbage-first heap   total 75776K, used 73240K [0x0000000083800000, 0x0000000100000000)
  region size 1024K, 19 young (19456K), 1 survivors (1024K)
 Metaspace       used 40576K, committed 41088K, reserved 1114112K
  class space    used 5478K, committed 5696K, reserved 1048576K
}
Event: 25.632 GC heap after
{Heap after GC invocations=14 (full 0):
 garbage-first heap   total 101376K, used 51712K [0x0000000083800000, 0x0000000100000000)
  region size 1024K, 3 young (3072K), 3 survivors (3072K)
 Metaspace       used 40576K, committed 41088K, reserved 1114112K
  class space    used 5478K, committed 5696K, reserved 1048576K
}

